#! /home/brandon/anaconda3/envs/Open_EDA/bin/vvp
:ivl_version "11.0 (stable)";
:ivl_delay_selection "TYPICAL";
:vpi_time_precision - 12;
:vpi_module "/home/brandon/anaconda3/envs/Open_EDA/lib/ivl/system.vpi";
:vpi_module "/home/brandon/anaconda3/envs/Open_EDA/lib/ivl/vhdl_sys.vpi";
:vpi_module "/home/brandon/anaconda3/envs/Open_EDA/lib/ivl/vhdl_textio.vpi";
:vpi_module "/home/brandon/anaconda3/envs/Open_EDA/lib/ivl/v2005_math.vpi";
:vpi_module "/home/brandon/anaconda3/envs/Open_EDA/lib/ivl/va_math.vpi";
S_0x56ad44826b40 .scope module, "tb_fpga_project" "tb_fpga_project" 2 3;
 .timescale -9 -12;
v0x56ad4483bf30_0 .var "CLOCK_50", 0 0;
v0x56ad4483bff0_0 .var "KEY", 1 0;
v0x56ad4483c090_0 .net "LED", 7 0, L_0x56ad4483c420;  1 drivers
v0x56ad4483c130_0 .var "SW", 3 0;
S_0x56ad44826cd0 .scope module, "dut" "fpga_project" 2 11, 3 6 0, S_0x56ad44826b40;
 .timescale 0 0;
    .port_info 0 /INPUT 1 "CLOCK_50";
    .port_info 1 /OUTPUT 8 "LED";
    .port_info 2 /INPUT 2 "KEY";
    .port_info 3 /INPUT 4 "SW";
P_0x56ad44826eb0 .param/l "CLK_DIV" 1 3 24, +C4<00000000000000000000000000000010>;
L_0x56ad44812180 .functor NOT 1, v0x56ad4483bc50_0, C4<0>, C4<0>, C4<0>;
L_0x56ad4483c330 .functor AND 1, L_0x56ad4483c1d0, L_0x56ad44812180, C4<1>, C4<1>;
L_0x56ad4483c420 .functor BUFZ 8, v0x56ad4483bd10_0, C4<00000000>, C4<00000000>, C4<00000000>;
v0x56ad44811f50_0 .var "CLK_DIV_reg", 1 0;
v0x56ad448122a0_0 .net "CLOCK_50", 0 0, v0x56ad4483bf30_0;  1 drivers
v0x56ad4483b7e0_0 .net "KEY", 1 0, v0x56ad4483bff0_0;  1 drivers
v0x56ad4483b8a0_0 .net "LED", 7 0, L_0x56ad4483c420;  alias, 1 drivers
v0x56ad4483b980_0 .net "SW", 3 0, v0x56ad4483c130_0;  1 drivers
v0x56ad4483bab0_0 .net *"_ivl_2", 0 0, L_0x56ad44812180;  1 drivers
v0x56ad4483bb90_0 .net "clk_1hz", 0 0, L_0x56ad4483c1d0;  1 drivers
v0x56ad4483bc50_0 .var "clk_1hz_d", 0 0;
v0x56ad4483bd10_0 .var "led_counter", 7 0;
v0x56ad4483bdf0_0 .net "tick_1hz", 0 0, L_0x56ad4483c330;  1 drivers
E_0x56ad44824950 .event posedge, v0x56ad448122a0_0;
L_0x56ad4483c1d0 .part v0x56ad44811f50_0, 1, 1;
    .scope S_0x56ad44826cd0;
T_0 ;
    %pushi/vec4 0, 0, 2;
    %store/vec4 v0x56ad44811f50_0, 0, 2;
    %pushi/vec4 0, 0, 8;
    %store/vec4 v0x56ad4483bd10_0, 0, 8;
    %end;
    .thread T_0;
    .scope S_0x56ad44826cd0;
T_1 ;
    %wait E_0x56ad44824950;
    %load/vec4 v0x56ad44811f50_0;
    %addi 1, 0, 2;
    %assign/vec4 v0x56ad44811f50_0, 0;
    %jmp T_1;
    .thread T_1;
    .scope S_0x56ad44826cd0;
T_2 ;
    %wait E_0x56ad44824950;
    %load/vec4 v0x56ad4483bb90_0;
    %assign/vec4 v0x56ad4483bc50_0, 0;
    %jmp T_2;
    .thread T_2;
    .scope S_0x56ad44826cd0;
T_3 ;
    %wait E_0x56ad44824950;
    %load/vec4 v0x56ad4483bdf0_0;
    %flag_set/vec4 8;
    %jmp/0xz  T_3.0, 8;
    %load/vec4 v0x56ad4483bd10_0;
    %addi 1, 0, 8;
    %assign/vec4 v0x56ad4483bd10_0, 0;
T_3.0 ;
    %jmp T_3;
    .thread T_3;
    .scope S_0x56ad44826b40;
T_4 ;
    %pushi/vec4 0, 0, 1;
    %store/vec4 v0x56ad4483bf30_0, 0, 1;
T_4.0 ;
    %delay 10000, 0;
    %load/vec4 v0x56ad4483bf30_0;
    %inv;
    %store/vec4 v0x56ad4483bf30_0, 0, 1;
    %jmp T_4.0;
    %end;
    .thread T_4;
    .scope S_0x56ad44826b40;
T_5 ;
    %pushi/vec4 0, 0, 2;
    %store/vec4 v0x56ad4483bff0_0, 0, 2;
    %pushi/vec4 0, 0, 4;
    %store/vec4 v0x56ad4483c130_0, 0, 4;
    %vpi_call 2 28 "$display", "Test Start." {0 0 0};
    %delay 200000, 0;
    %vpi_call 2 32 "$display", "Test Finished." {0 0 0};
    %vpi_call 2 33 "$finish" {0 0 0};
    %end;
    .thread T_5;
    .scope S_0x56ad44826b40;
T_6 ;
    %vpi_call 2 38 "$dumpfile", "tb_fpga_project.vcd" {0 0 0};
    %vpi_call 2 39 "$dumpvars", 32'sb00000000000000000000000000000000, S_0x56ad44826b40 {0 0 0};
    %end;
    .thread T_6;
# The file index is used to find the file name in the following table.
:file_names 4;
    "N/A";
    "<interactive>";
    "../sim/tb_fpga_project.v";
    "../rtl/fpga_project.v";
